[debug] [2025-04-13T17:47:00.909Z] ----------------------------------------------------------------------
[debug] [2025-04-13T17:47:00.931Z] Command:       C:\Program Files\nodejs\node.exe C:\Users\alocal\AppData\Roaming\npm\node_modules\firebase-tools\lib\bin\firebase.js init
[debug] [2025-04-13T17:47:00.932Z] CLI Version:   14.1.0
[debug] [2025-04-13T17:47:00.932Z] Platform:      win32
[debug] [2025-04-13T17:47:00.932Z] Node Version:  v22.14.0
[debug] [2025-04-13T17:47:00.933Z] Time:          Sun Apr 13 2025 18:47:00 GMT+0100 (heure normale d’Europe centrale)
[debug] [2025-04-13T17:47:00.934Z] ----------------------------------------------------------------------
[debug] 
[debug] [2025-04-13T17:47:01.403Z] > command requires scopes: ["email","openid","https://www.googleapis.com/auth/cloudplatformprojects.readonly","https://www.googleapis.com/auth/firebase","https://www.googleapis.com/auth/cloud-platform"]
[debug] [2025-04-13T17:47:01.405Z] > authorizing via signed-in user (hps.hasnaoui@gmail.com)
[info] 
     ######## #### ########  ######## ########     ###     ######  ########
     ##        ##  ##     ## ##       ##     ##  ##   ##  ##       ##
     ######    ##  ########  ######   ########  #########  ######  ######
     ##        ##  ##    ##  ##       ##     ## ##     ##       ## ##
     ##       #### ##     ## ######## ########  ##     ##  ######  ########

You're about to initialize a Firebase project in this directory:

  C:\Users\alocal\Documents\listcolissage

Before we get started, keep in mind:

  * You are initializing within an existing Firebase project directory

[info] 
=== Project Setup
[info] 
[info] First, let's associate this project directory with a Firebase project.
[info] You can create multiple project aliases by running firebase use --add, 
[info] but for now we'll just set up a default project.
[info] 
[debug] [2025-04-13T17:47:26.580Z] Using project from CLI flag: dev-hps
[debug] [2025-04-13T17:47:26.583Z] Checked if tokens are valid: true, expires at: 1744568509530
[debug] [2025-04-13T17:47:26.583Z] Checked if tokens are valid: true, expires at: 1744568509530
[debug] [2025-04-13T17:47:26.585Z] >>> [apiv2][query] GET https://firebase.googleapis.com/v1beta1/projects/dev-hps [none]
[debug] [2025-04-13T17:47:27.994Z] <<< [apiv2][status] GET https://firebase.googleapis.com/v1beta1/projects/dev-hps 200
[debug] [2025-04-13T17:47:27.994Z] <<< [apiv2][body] GET https://firebase.googleapis.com/v1beta1/projects/dev-hps {"projectId":"dev-hps","projectNumber":"490717937176","displayName":"DEV-HPS","name":"projects/dev-hps","resources":{"hostingSite":"dev-hps","realtimeDatabaseInstance":"dev-hps-default-rtdb"},"state":"ACTIVE","etag":"1_f2ccb192-3d0b-46d5-aa7a-726616959e38"}
[info] i  Using project dev-hps (DEV-HPS) 
[info] 
=== Dataconnect Setup
[debug] [2025-04-13T17:47:28.002Z] Checked if tokens are valid: true, expires at: 1744568509530
[debug] [2025-04-13T17:47:28.002Z] Checked if tokens are valid: true, expires at: 1744568509530
[debug] [2025-04-13T17:47:28.002Z] >>> [apiv2][query] GET https://cloudbilling.googleapis.com/v1/projects/dev-hps/billingInfo [none]
[debug] [2025-04-13T17:47:30.149Z] <<< [apiv2][status] GET https://cloudbilling.googleapis.com/v1/projects/dev-hps/billingInfo 200
[debug] [2025-04-13T17:47:30.150Z] <<< [apiv2][body] GET https://cloudbilling.googleapis.com/v1/projects/dev-hps/billingInfo {"name":"projects/dev-hps/billingInfo","projectId":"dev-hps","billingAccountName":"billingAccounts/01A3F9-8B9DF6-13C46E","billingEnabled":true}
[info] i  dataconnect: ensuring required API firebasedataconnect.googleapis.com is enabled... 
[debug] [2025-04-13T17:47:30.151Z] Checked if tokens are valid: true, expires at: 1744568509530
[debug] [2025-04-13T17:47:30.151Z] Checked if tokens are valid: true, expires at: 1744568509530
[debug] [2025-04-13T17:47:30.151Z] >>> [apiv2][query] GET https://serviceusage.googleapis.com/v1/projects/dev-hps/services/firebasedataconnect.googleapis.com [none]
[debug] [2025-04-13T17:47:30.151Z] >>> [apiv2][(partial)header] GET https://serviceusage.googleapis.com/v1/projects/dev-hps/services/firebasedataconnect.googleapis.com x-goog-quota-user=projects/dev-hps
[debug] [2025-04-13T17:47:33.395Z] <<< [apiv2][status] GET https://serviceusage.googleapis.com/v1/projects/dev-hps/services/firebasedataconnect.googleapis.com 200
[debug] [2025-04-13T17:47:33.395Z] <<< [apiv2][body] GET https://serviceusage.googleapis.com/v1/projects/dev-hps/services/firebasedataconnect.googleapis.com [omitted]
[info] +  dataconnect: required API firebasedataconnect.googleapis.com is enabled 
[info] i  dataconnect: ensuring required API sqladmin.googleapis.com is enabled... 
[debug] [2025-04-13T17:47:33.397Z] Checked if tokens are valid: true, expires at: 1744568509530
[debug] [2025-04-13T17:47:33.397Z] Checked if tokens are valid: true, expires at: 1744568509530
[debug] [2025-04-13T17:47:33.397Z] >>> [apiv2][query] GET https://serviceusage.googleapis.com/v1/projects/dev-hps/services/sqladmin.googleapis.com [none]
[debug] [2025-04-13T17:47:33.397Z] >>> [apiv2][(partial)header] GET https://serviceusage.googleapis.com/v1/projects/dev-hps/services/sqladmin.googleapis.com x-goog-quota-user=projects/dev-hps
[debug] [2025-04-13T17:47:34.569Z] <<< [apiv2][status] GET https://serviceusage.googleapis.com/v1/projects/dev-hps/services/sqladmin.googleapis.com 200
[debug] [2025-04-13T17:47:34.570Z] <<< [apiv2][body] GET https://serviceusage.googleapis.com/v1/projects/dev-hps/services/sqladmin.googleapis.com [omitted]
[info] +  dataconnect: required API sqladmin.googleapis.com is enabled 
[info] i  dataconnect: ensuring required API compute.googleapis.com is enabled... 
[debug] [2025-04-13T17:47:34.571Z] Checked if tokens are valid: true, expires at: 1744568509530
[debug] [2025-04-13T17:47:34.571Z] Checked if tokens are valid: true, expires at: 1744568509530
[debug] [2025-04-13T17:47:34.572Z] >>> [apiv2][query] GET https://serviceusage.googleapis.com/v1/projects/dev-hps/services/compute.googleapis.com [none]
[debug] [2025-04-13T17:47:34.572Z] >>> [apiv2][(partial)header] GET https://serviceusage.googleapis.com/v1/projects/dev-hps/services/compute.googleapis.com x-goog-quota-user=projects/dev-hps
[debug] [2025-04-13T17:47:35.304Z] <<< [apiv2][status] GET https://serviceusage.googleapis.com/v1/projects/dev-hps/services/compute.googleapis.com 200
[debug] [2025-04-13T17:47:35.304Z] <<< [apiv2][body] GET https://serviceusage.googleapis.com/v1/projects/dev-hps/services/compute.googleapis.com [omitted]
[info] +  dataconnect: required API compute.googleapis.com is enabled 
[debug] [2025-04-13T17:47:35.305Z] Checked if tokens are valid: true, expires at: 1744568509530
[debug] [2025-04-13T17:47:35.306Z] Checked if tokens are valid: true, expires at: 1744568509530
[debug] [2025-04-13T17:47:35.306Z] >>> [apiv2][query] GET https://firebasedataconnect.googleapis.com/v1/projects/dev-hps/locations/-/services [none]
